20080318172802:I:Inicio
20080318172802:I:/wlportal8/bea/jdk142_05/bin/java/java -cp classes:lib/activation.jar:lib/axis.jar:lib/bssintutils.jar:lib/classes12.jar:lib/commons-discovery-0.2.jar:lib/commons-jxpath-1.2.jar:lib/commons-logging-1.0.4.jar:lib/invpnweb-client.jar:lib/jaxrpc.jar:lib/jdom.jar:lib/log4j-1.2.14.jar:lib/mail.jar:lib/saaj.jar:lib/wsdl4j-1.5.1.jar:lib/xalan.jar:lib/xerces.jar:lib/xml-apis.jar: com.megasoft.sincronizador.SincronizadorKenanCvpn resource/sincronizador.properties prueba noborrar fase1
+ /wlportal8/bea/jdk142_05/bin/java/java -cp classes:lib/activation.jar:lib/axis.jar:lib/bssintutils.jar:lib/classes12.jar:lib/commons-discovery-0.2.jar:lib/commons-jxpath-1.2.jar:lib/commons-logging-1.0.4.jar:lib/invpnweb-client.jar:lib/jaxrpc.jar:lib/jdom.jar:lib/log4j-1.2.14.jar:lib/mail.jar:lib/saaj.jar:lib/wsdl4j-1.5.1.jar:lib/xalan.jar:lib/xerces.jar:lib/xml-apis.jar: com.megasoft.sincronizador.SincronizadorKenanCvpn resource/sincronizador.properties prueba noborrar fase1
ejecuta[4]: /wlportal8/bea/jdk142_05/bin/java/java:  not found
20080318172802:E:Error ejecutando: /wlportal8/bea/jdk142_05/bin/java/java -cp classes:lib/activation.jar:lib/axis.jar:lib/bssintutils.jar:lib/classes12.jar:lib/commons-discovery-0.2.jar:lib/commons-jxpath-1.2.jar:lib/commons-logging-1.0.4.jar:lib/invpnweb-client.jar:lib/jaxrpc.jar:lib/jdom.jar:lib/log4j-1.2.14.jar:lib/mail.jar:lib/saaj.jar:lib/wsdl4j-1.5.1.jar:lib/xalan.jar:lib/xerces.jar:lib/xml-apis.jar: com.megasoft.sincronizador.SincronizadorKenanCvpn resource/sincronizador.properties prueba noborrar fase1
20080318172802:X:Fin
20080318172921:I:Inicio
20080318172921:I:/wlportal8/bea/jdk142_05/bin/java/java -cp classes:lib/activation.jar:lib/axis.jar:lib/bssintutils.jar:lib/classes12.jar:lib/commons-discovery-0.2.jar:lib/commons-jxpath-1.2.jar:lib/commons-logging-1.0.4.jar:lib/invpnweb-client.jar:lib/jaxrpc.jar:lib/jdom.jar:lib/log4j-1.2.14.jar:lib/mail.jar:lib/saaj.jar:lib/wsdl4j-1.5.1.jar:lib/xalan.jar:lib/xerces.jar:lib/xml-apis.jar: com.megasoft.sincronizador.SincronizadorKenanCvpn resource/sincronizador.properties prueba noborrar fase1
+ /wlportal8/bea/jdk142_05/bin/java/java -cp classes:lib/activation.jar:lib/axis.jar:lib/bssintutils.jar:lib/classes12.jar:lib/commons-discovery-0.2.jar:lib/commons-jxpath-1.2.jar:lib/commons-logging-1.0.4.jar:lib/invpnweb-client.jar:lib/jaxrpc.jar:lib/jdom.jar:lib/log4j-1.2.14.jar:lib/mail.jar:lib/saaj.jar:lib/wsdl4j-1.5.1.jar:lib/xalan.jar:lib/xerces.jar:lib/xml-apis.jar: com.megasoft.sincronizador.SincronizadorKenanCvpn resource/sincronizador.properties prueba noborrar fase1
ejecuta[4]: /wlportal8/bea/jdk142_05/bin/java/java:  not found
20080318172921:E:Error ejecutando: /wlportal8/bea/jdk142_05/bin/java/java -cp classes:lib/activation.jar:lib/axis.jar:lib/bssintutils.jar:lib/classes12.jar:lib/commons-discovery-0.2.jar:lib/commons-jxpath-1.2.jar:lib/commons-logging-1.0.4.jar:lib/invpnweb-client.jar:lib/jaxrpc.jar:lib/jdom.jar:lib/log4j-1.2.14.jar:lib/mail.jar:lib/saaj.jar:lib/wsdl4j-1.5.1.jar:lib/xalan.jar:lib/xerces.jar:lib/xml-apis.jar: com.megasoft.sincronizador.SincronizadorKenanCvpn resource/sincronizador.properties prueba noborrar fase1
20080318172921:X:Fin
20080318173635:I:Inicio
20080318173635:I:/wlportal8/bea/jdk142_05/bin/java -cp classes:lib/activation.jar:lib/axis.jar:lib/bssintutils.jar:lib/classes12.jar:lib/commons-discovery-0.2.jar:lib/commons-jxpath-1.2.jar:lib/commons-logging-1.0.4.jar:lib/invpnweb-client.jar:lib/jaxrpc.jar:lib/jdom.jar:lib/log4j-1.2.14.jar:lib/mail.jar:lib/saaj.jar:lib/wsdl4j-1.5.1.jar:lib/xalan.jar:lib/xerces.jar:lib/xml-apis.jar: com.megasoft.sincronizador.SincronizadorKenanCvpn resource/sincronizador.properties prueba noborrar fase1
+ /wlportal8/bea/jdk142_05/bin/java -cp classes:lib/activation.jar:lib/axis.jar:lib/bssintutils.jar:lib/classes12.jar:lib/commons-discovery-0.2.jar:lib/commons-jxpath-1.2.jar:lib/commons-logging-1.0.4.jar:lib/invpnweb-client.jar:lib/jaxrpc.jar:lib/jdom.jar:lib/log4j-1.2.14.jar:lib/mail.jar:lib/saaj.jar:lib/wsdl4j-1.5.1.jar:lib/xalan.jar:lib/xerces.jar:lib/xml-apis.jar: com.megasoft.sincronizador.SincronizadorKenanCvpn resource/sincronizador.properties prueba noborrar fase1
20080318173635:I:Ok: /wlportal8/bea/jdk142_05/bin/java -cp classes:lib/activation.jar:lib/axis.jar:lib/bssintutils.jar:lib/classes12.jar:lib/commons-discovery-0.2.jar:lib/commons-jxpath-1.2.jar:lib/commons-logging-1.0.4.jar:lib/invpnweb-client.jar:lib/jaxrpc.jar:lib/jdom.jar:lib/log4j-1.2.14.jar:lib/mail.jar:lib/saaj.jar:lib/wsdl4j-1.5.1.jar:lib/xalan.jar:lib/xerces.jar:lib/xml-apis.jar: com.megasoft.sincronizador.SincronizadorKenanCvpn resource/sincronizador.properties prueba noborrar fase1
20080318173635:I:echo /wlportal8/bea/jdk142_05/bin/java -jar provisioning.jar resource/sincronizador.properties
+ echo /wlportal8/bea/jdk142_05/bin/java -jar provisioning.jar resource/sincronizador.properties
20080318173635:I:Ok: echo /wlportal8/bea/jdk142_05/bin/java -jar provisioning.jar resource/sincronizador.properties
20080318173635:I:/wlportal8/bea/jdk142_05/bin/java -cp classes:lib/activation.jar:lib/axis.jar:lib/bssintutils.jar:lib/classes12.jar:lib/commons-discovery-0.2.jar:lib/commons-jxpath-1.2.jar:lib/commons-logging-1.0.4.jar:lib/invpnweb-client.jar:lib/jaxrpc.jar:lib/jdom.jar:lib/log4j-1.2.14.jar:lib/mail.jar:lib/saaj.jar:lib/wsdl4j-1.5.1.jar:lib/xalan.jar:lib/xerces.jar:lib/xml-apis.jar: com.megasoft.sincronizador.SincronizadorKenanCvpn resource/sincronizador.properties prueba borrar fase3
+ /wlportal8/bea/jdk142_05/bin/java -cp classes:lib/activation.jar:lib/axis.jar:lib/bssintutils.jar:lib/classes12.jar:lib/commons-discovery-0.2.jar:lib/commons-jxpath-1.2.jar:lib/commons-logging-1.0.4.jar:lib/invpnweb-client.jar:lib/jaxrpc.jar:lib/jdom.jar:lib/log4j-1.2.14.jar:lib/mail.jar:lib/saaj.jar:lib/wsdl4j-1.5.1.jar:lib/xalan.jar:lib/xerces.jar:lib/xml-apis.jar: com.megasoft.sincronizador.SincronizadorKenanCvpn resource/sincronizador.properties prueba borrar fase3
20080318173635:I:Ok: /wlportal8/bea/jdk142_05/bin/java -cp classes:lib/activation.jar:lib/axis.jar:lib/bssintutils.jar:lib/classes12.jar:lib/commons-discovery-0.2.jar:lib/commons-jxpath-1.2.jar:lib/commons-logging-1.0.4.jar:lib/invpnweb-client.jar:lib/jaxrpc.jar:lib/jdom.jar:lib/log4j-1.2.14.jar:lib/mail.jar:lib/saaj.jar:lib/wsdl4j-1.5.1.jar:lib/xalan.jar:lib/xerces.jar:lib/xml-apis.jar: com.megasoft.sincronizador.SincronizadorKenanCvpn resource/sincronizador.properties prueba borrar fase3
20080318173635:X:Fin
20080318175923:I:Inicio
20080318175923:I:/wlportal8/bea/jdk142_05/bin/java -cp classes:lib/activation.jar:lib/axis.jar:lib/bssintutils.jar:lib/classes12.jar:lib/commons-discovery-0.2.jar:lib/commons-jxpath-1.2.jar:lib/commons-logging-1.0.4.jar:lib/invpnweb-client.jar:lib/jaxrpc.jar:lib/jdom.jar:lib/log4j-1.2.14.jar:lib/mail.jar:lib/saaj.jar:lib/wsdl4j-1.5.1.jar:lib/xalan.jar:lib/xerces.jar:lib/xml-apis.jar: com.megasoft.sincronizador.SincronizadorKenanCvpn resource/sincronizador.properties commit noborrar fase1
+ /wlportal8/bea/jdk142_05/bin/java -cp classes:lib/activation.jar:lib/axis.jar:lib/bssintutils.jar:lib/classes12.jar:lib/commons-discovery-0.2.jar:lib/commons-jxpath-1.2.jar:lib/commons-logging-1.0.4.jar:lib/invpnweb-client.jar:lib/jaxrpc.jar:lib/jdom.jar:lib/log4j-1.2.14.jar:lib/mail.jar:lib/saaj.jar:lib/wsdl4j-1.5.1.jar:lib/xalan.jar:lib/xerces.jar:lib/xml-apis.jar: com.megasoft.sincronizador.SincronizadorKenanCvpn resource/sincronizador.properties commit noborrar fase1
20080318175923:I:Ok: /wlportal8/bea/jdk142_05/bin/java -cp classes:lib/activation.jar:lib/axis.jar:lib/bssintutils.jar:lib/classes12.jar:lib/commons-discovery-0.2.jar:lib/commons-jxpath-1.2.jar:lib/commons-logging-1.0.4.jar:lib/invpnweb-client.jar:lib/jaxrpc.jar:lib/jdom.jar:lib/log4j-1.2.14.jar:lib/mail.jar:lib/saaj.jar:lib/wsdl4j-1.5.1.jar:lib/xalan.jar:lib/xerces.jar:lib/xml-apis.jar: com.megasoft.sincronizador.SincronizadorKenanCvpn resource/sincronizador.properties commit noborrar fase1
20080318175923:I:/wlportal8/bea/jdk142_05/bin/java -jar provisioning.jar resource/sincronizador.properties
+ /wlportal8/bea/jdk142_05/bin/java -jar provisioning.jar resource/sincronizador.properties
Exception in thread "main" java.lang.IllegalArgumentException: args de Ejemplo={resource/ccinvpn.properties, bd/selectCuentasVpn.sql, resource/log4j.xml}
	at ve.com.digitel.ccinvpn.ConciliadorCvpnInvpn.main(ConciliadorCvpnInvpn.java:161)
20080318175923:E:Error ejecutando: /wlportal8/bea/jdk142_05/bin/java -jar provisioning.jar resource/sincronizador.properties
20080318175923:X:Fin
20080318181325:I:Inicio
20080318181325:I:/wlportal8/bea/jdk142_05/bin/java -cp classes:lib/activation.jar:lib/axis.jar:lib/bssintutils.jar:lib/classes12.jar:lib/commons-discovery-0.2.jar:lib/commons-jxpath-1.2.jar:lib/commons-logging-1.0.4.jar:lib/invpnweb-client.jar:lib/jaxrpc.jar:lib/jdom.jar:lib/log4j-1.2.14.jar:lib/mail.jar:lib/saaj.jar:lib/wsdl4j-1.5.1.jar:lib/xalan.jar:lib/xerces.jar:lib/xml-apis.jar: com.megasoft.sincronizador.SincronizadorKenanCvpn resource/sincronizador.properties commit noborrar fase1
+ /wlportal8/bea/jdk142_05/bin/java -cp classes:lib/activation.jar:lib/axis.jar:lib/bssintutils.jar:lib/classes12.jar:lib/commons-discovery-0.2.jar:lib/commons-jxpath-1.2.jar:lib/commons-logging-1.0.4.jar:lib/invpnweb-client.jar:lib/jaxrpc.jar:lib/jdom.jar:lib/log4j-1.2.14.jar:lib/mail.jar:lib/saaj.jar:lib/wsdl4j-1.5.1.jar:lib/xalan.jar:lib/xerces.jar:lib/xml-apis.jar: com.megasoft.sincronizador.SincronizadorKenanCvpn resource/sincronizador.properties commit noborrar fase1
20080318181325:I:Ok: /wlportal8/bea/jdk142_05/bin/java -cp classes:lib/activation.jar:lib/axis.jar:lib/bssintutils.jar:lib/classes12.jar:lib/commons-discovery-0.2.jar:lib/commons-jxpath-1.2.jar:lib/commons-logging-1.0.4.jar:lib/invpnweb-client.jar:lib/jaxrpc.jar:lib/jdom.jar:lib/log4j-1.2.14.jar:lib/mail.jar:lib/saaj.jar:lib/wsdl4j-1.5.1.jar:lib/xalan.jar:lib/xerces.jar:lib/xml-apis.jar: com.megasoft.sincronizador.SincronizadorKenanCvpn resource/sincronizador.properties commit noborrar fase1
20080318181325:I:/wlportal8/bea/jdk142_05/bin/java -jar provisioning.jar resource/ccinvpn.properties bd/selectCuentasVpn.sql resource/log4j.xml
+ /wlportal8/bea/jdk142_05/bin/java -jar provisioning.jar resource/ccinvpn.properties bd/selectCuentasVpn.sql resource/log4j.xml
20080318181325:I:Ok: /wlportal8/bea/jdk142_05/bin/java -jar provisioning.jar resource/ccinvpn.properties bd/selectCuentasVpn.sql resource/log4j.xml
20080318181325:I:/wlportal8/bea/jdk142_05/bin/java -cp classes:lib/activation.jar:lib/axis.jar:lib/bssintutils.jar:lib/classes12.jar:lib/commons-discovery-0.2.jar:lib/commons-jxpath-1.2.jar:lib/commons-logging-1.0.4.jar:lib/invpnweb-client.jar:lib/jaxrpc.jar:lib/jdom.jar:lib/log4j-1.2.14.jar:lib/mail.jar:lib/saaj.jar:lib/wsdl4j-1.5.1.jar:lib/xalan.jar:lib/xerces.jar:lib/xml-apis.jar: com.megasoft.sincronizador.SincronizadorKenanCvpn resource/sincronizador.properties commit borrar fase3
+ /wlportal8/bea/jdk142_05/bin/java -cp classes:lib/activation.jar:lib/axis.jar:lib/bssintutils.jar:lib/classes12.jar:lib/commons-discovery-0.2.jar:lib/commons-jxpath-1.2.jar:lib/commons-logging-1.0.4.jar:lib/invpnweb-client.jar:lib/jaxrpc.jar:lib/jdom.jar:lib/log4j-1.2.14.jar:lib/mail.jar:lib/saaj.jar:lib/wsdl4j-1.5.1.jar:lib/xalan.jar:lib/xerces.jar:lib/xml-apis.jar: com.megasoft.sincronizador.SincronizadorKenanCvpn resource/sincronizador.properties commit borrar fase3
20080318181325:E:Error ejecutando: /wlportal8/bea/jdk142_05/bin/java -cp classes:lib/activation.jar:lib/axis.jar:lib/bssintutils.jar:lib/classes12.jar:lib/commons-discovery-0.2.jar:lib/commons-jxpath-1.2.jar:lib/commons-logging-1.0.4.jar:lib/invpnweb-client.jar:lib/jaxrpc.jar:lib/jdom.jar:lib/log4j-1.2.14.jar:lib/mail.jar:lib/saaj.jar:lib/wsdl4j-1.5.1.jar:lib/xalan.jar:lib/xerces.jar:lib/xml-apis.jar: com.megasoft.sincronizador.SincronizadorKenanCvpn resource/sincronizador.properties commit borrar fase3
20080318181325:X:Fin
